#
# There is insufficient memory for the Java Runtime Environment to continue.
# Native memory allocation (malloc) failed to allocate 1048576 bytes for AllocateHeap
# Possible reasons:
#   The system is out of physical RAM or swap space
#   In 32 bit mode, the process size limit was hit
# Possible solutions:
#   Reduce memory load on the system
#   Increase physical memory or swap space
#   Check if swap backing store is full
#   Use 64 bit Java on a 64 bit OS
#   Decrease Java heap size (-Xmx/-Xms)
#   Decrease number of Java threads
#   Decrease Java thread stack sizes (-Xss)
#   Set larger code cache with -XX:ReservedCodeCacheSize=
# This output file may be truncated or incomplete.
#
#  Out of Memory Error (memory/allocation.inline.hpp:61), pid=9620, tid=0x0000000000000bf8
#
# JRE version:  (8.0_191-b12) (build )
# Java VM: Java HotSpot(TM) 64-Bit Server VM (25.191-b12 mixed mode windows-amd64 compressed oops)
# Failed to write core dump. Minidumps are not enabled by default on client versions of Windows
#

---------------  T H R E A D  ---------------

Current thread (0x00000000024c2800):  JavaThread "Unknown thread" [_thread_in_vm, id=3064, stack(0x00000000023c0000,0x00000000024c0000)]

Stack: [0x00000000023c0000,0x00000000024c0000]
[error occurred during error reporting (printing stack bounds), id 0xc0000005]

Native frames: (J=compiled Java code, j=interpreted, Vv=VM code, C=native code)


---------------  P R O C E S S  ---------------

Java Threads: ( => current thread )

Other Threads:

=>0x00000000024c2800 (exited) JavaThread "Unknown thread" [_thread_in_vm, id=3064, stack(0x00000000023c0000,0x00000000024c0000)]

VM state:not at safepoint (normal execution)

VM Mutex/Monitor currently owned by a thread: None

Heap:
 PSYoungGen      total 28672K, used 491K [0x00000000e0700000, 0x00000000e2700000, 0x0000000100000000)
  eden space 24576K, 2% used [0x00000000e0700000,0x00000000e077ae20,0x00000000e1f00000)
  from space 4096K, 0% used [0x00000000e2300000,0x00000000e2300000,0x00000000e2700000)
  to   space 4096K, 0% used [0x00000000e1f00000,0x00000000e1f00000,0x00000000e2300000)
 ParOldGen       total 65536K, used 0K [0x00000000a1400000, 0x00000000a5400000, 0x00000000e0700000)
  object space 65536K, 0% used [0x00000000a1400000,0x00000000a1400000,0x00000000a5400000)
 Metaspace       used 775K, capacity 4480K, committed 4480K, reserved 1056768K
  class space    used 76K, capacity 384K, committed 384K, reserved 1048576K

Card table byte_map: [0x0000000011980000,0x0000000011c80000] byte_map_base: 0x0000000011476000

Marking Bits: (ParMarkBitMap*) 0x0000000070733e30
 Begin Bits: [0x0000000012280000, 0x0000000013a30000)
 End Bits:   [0x0000000013a30000, 0x00000000151e0000)

Polling page: 0x0000000000760000

CodeCache: size=245760Kb used=328Kb max_used=328Kb free=245431Kb
 bounds [0x00000000025c0000, 0x0000000002830000, 0x00000000115c0000]
 total_blobs=58 nmethods=0 adapters=38
 compilation: enabled

Compilation events (0 events):
No events

GC Heap History (0 events):
No events

Deoptimization events (0 events):
No events

Classes redefined (0 events):
No events

Internal exceptions (0 events):
No events

Events (10 events):
Event: 0.028 loading class java/lang/Short
Event: 0.028 loading class java/lang/Short done
Event: 0.028 loading class java/lang/Integer
Event: 0.028 loading class java/lang/Integer done
Event: 0.028 loading class java/lang/Long
Event: 0.028 loading class java/lang/Long done
Event: 0.029 loading class java/lang/NullPointerException
Event: 0.029 loading class java/lang/NullPointerException done
Event: 0.029 loading class java/lang/ArithmeticException
Event: 0.029 loading class java/lang/ArithmeticException done


Dynamic libraries:
0x00007ff770200000 - 0x00007ff770237000 	C:\Program Files\Java\jdk1.8.0_191\jre\bin\java.exe
0x00007ffede9e0000 - 0x00007ffedebd0000 	C:\WINDOWS\SYSTEM32\ntdll.dll
0x00007ffedd5a0000 - 0x00007ffedd652000 	C:\WINDOWS\System32\KERNEL32.DLL
0x00007ffedc5c0000 - 0x00007ffedc863000 	C:\WINDOWS\System32\KERNELBASE.dll
0x00007ffeddf30000 - 0x00007ffeddfd3000 	C:\WINDOWS\System32\ADVAPI32.dll
0x00007ffedcda0000 - 0x00007ffedce3e000 	C:\WINDOWS\System32\msvcrt.dll
0x00007ffedcef0000 - 0x00007ffedcf87000 	C:\WINDOWS\System32\sechost.dll
0x00007ffede7a0000 - 0x00007ffede8c0000 	C:\WINDOWS\System32\RPCRT4.dll
0x00007ffede600000 - 0x00007ffede794000 	C:\WINDOWS\System32\USER32.dll
0x00007ffedc870000 - 0x00007ffedc891000 	C:\WINDOWS\System32\win32u.dll
0x00007ffedddc0000 - 0x00007ffeddde6000 	C:\WINDOWS\System32\GDI32.dll
0x00007ffedc170000 - 0x00007ffedc304000 	C:\WINDOWS\System32\gdi32full.dll
0x00007ffedc910000 - 0x00007ffedc9ae000 	C:\WINDOWS\System32\msvcp_win.dll
0x00007ffedc310000 - 0x00007ffedc40a000 	C:\WINDOWS\System32\ucrtbase.dll
0x00007ffecf180000 - 0x00007ffecf405000 	C:\WINDOWS\WinSxS\amd64_microsoft.windows.common-controls_6595b64144ccf1df_6.0.18362.449_none_e6c7b265130c70a7\COMCTL32.dll
0x00007ffedcf90000 - 0x00007ffedd2c6000 	C:\WINDOWS\System32\combase.dll
0x00007ffedc0f0000 - 0x00007ffedc170000 	C:\WINDOWS\System32\bcryptPrimitives.dll
0x00007ffedce40000 - 0x00007ffedce6e000 	C:\WINDOWS\System32\IMM32.DLL
0x000000006fe30000 - 0x000000006ff02000 	C:\Program Files\Java\jdk1.8.0_191\jre\bin\msvcr100.dll
0x000000006ff10000 - 0x00000000707b4000 	C:\Program Files\Java\jdk1.8.0_191\jre\bin\server\jvm.dll
0x00007ffedd590000 - 0x00007ffedd598000 	C:\WINDOWS\System32\PSAPI.DLL
0x00007ffeda590000 - 0x00007ffeda599000 	C:\WINDOWS\SYSTEM32\WSOCK32.dll
0x00007ffed0bb0000 - 0x00007ffed0bba000 	C:\WINDOWS\SYSTEM32\VERSION.dll
0x00007ffedd340000 - 0x00007ffedd3af000 	C:\WINDOWS\System32\WS2_32.dll
0x00007ffed7700000 - 0x00007ffed7724000 	C:\WINDOWS\SYSTEM32\WINMM.dll
0x00007ffed76d0000 - 0x00007ffed76fd000 	C:\WINDOWS\SYSTEM32\winmmbase.dll
0x00007ffedc8c0000 - 0x00007ffedc90a000 	C:\WINDOWS\System32\cfgmgr32.dll
0x000000006fde0000 - 0x000000006fdef000 	C:\Program Files\Java\jdk1.8.0_191\jre\bin\verify.dll
0x000000006fdb0000 - 0x000000006fdd9000 	C:\Program Files\Java\jdk1.8.0_191\jre\bin\java.dll
0x000000006fd90000 - 0x000000006fda6000 	C:\Program Files\Java\jdk1.8.0_191\jre\bin\zip.dll

VM Arguments:
java_command: org.netbeans.modules.web.project.ant.JspCSingle -uriroot C:\xampp\htdocs\PWEB1\build\web -d C:\xampp\htdocs\PWEB1\build\generated\src -die1 -schemas /resources/schemas/ -dtds /resources/dtds/ -sysClasspath C:\Program Files\NetBeans 8.2\extide\ant\lib\ant.jar;C:\Program Files\NetBeans 8.2\enterprise\modules\ext\servlet3.1-jsp2.3-api.jar;C:\Program Files\NetBeans 8.2\enterprise\modules\ext\glassfish-jspparser-4.0.jar;C:\Program Files\NetBeans 8.2\enterprise\modules\ext\jstl-impl.jar;C:\Program Files\NetBeans 8.2\enterprise\modules\ext\jsf-2_2\javax.faces.jar -jspc.files C:\xampp\htdocs\PWEB1\build\web\web\index.jsp -compilerSourceVM 1.8 -compilerTargetVM 1.8 -javaEncoding UTF-8
java_class_path (initial): C:\Program Files\Java\jdk1.8.0_191\lib\tools.jar;C:\Program Files\NetBeans 8.2\enterprise\ant\extra\jspcompile.jar;C:\Program Files\NetBeans 8.2\extide\ant\lib\ant.jar;C:\Program Files\NetBeans 8.2\enterprise\modules\ext\servlet3.1-jsp2.3-api.jar;C:\Program Files\NetBeans 8.2\enterprise\modules\ext\glassfish-jspparser-4.0.jar;C:\Program Files\NetBeans 8.2\enterprise\modules\ext\jsf-2_2\javax.faces.jar;C:\Program Files\NetBeans 8.2\enterprise\modules\ext\jstl-api.jar;C:\Program Files\NetBeans 8.2\extide\ant\lib\ant-launcher.jar
Launcher Type: SUN_STANDARD

Environment Variables:
PATH=C:\Program Files (x86)\Common Files\Oracle\Java\javapath;C:\WINDOWS\system32;C:\WINDOWS;C:\WINDOWS\System32\Wbem;C:\WINDOWS\System32\WindowsPowerShell\v1.0\;C:\WINDOWS\System32\OpenSSH\;C:\xampp\php;C:\ProgramData\ComposerSetup\bin;C:\Program Files\Git\cmd;C:\Users\M. Yofi Indrawan\AppData\Local\Programs\Python\Python38-32\Scripts\;C:\Users\M. Yofi Indrawan\AppData\Local\Programs\Python\Python38-32\;C:\Users\M. Yofi Indrawan\AppData\Local\Microsoft\WindowsApps;C:\Users\M. Yofi Indrawan\AppData\Roaming\Composer\vendor\bin;;C:\Users\M. Yofi Indrawan\AppData\Local\Programs\Microsoft VS Code\bin
USERNAME=M. Yofi Indrawan
OS=Windows_NT
PROCESSOR_IDENTIFIER=Intel64 Family 6 Model 61 Stepping 4, GenuineIntel



---------------  S Y S T E M  ---------------

OS: Windows 10.0 , 64 bit Build 18362 (10.0.18362.329)

CPU:total 4 (initial active 4) (2 cores per cpu, 2 threads per core) family 6 model 61 stepping 4, cmov, cx8, fxsr, mmx, sse, sse2, sse3, ssse3, sse4.1, sse4.2, popcnt, avx, avx2, aes, clmul, erms, 3dnowpref, lzcnt, ht, tsc, tscinvbit, bmi1, bmi2, adx

Memory: 4k page, physical 6204436k(967064k free), swap 6204436k(9064k free)

vm_info: Java HotSpot(TM) 64-Bit Server VM (25.191-b12) for windows-amd64 JRE (1.8.0_191-b12), built on Oct  6 2018 09:29:03 by "java_re" with MS VC++ 10.0 (VS2010)

time: Sun Nov 17 20:10:00 2019
elapsed time: 0 seconds (0d 0h 0m 0s)

