#
# There is insufficient memory for the Java Runtime Environment to continue.
# Native memory allocation (malloc) failed to allocate 1048576 bytes for AllocateHeap
# Possible reasons:
#   The system is out of physical RAM or swap space
#   In 32 bit mode, the process size limit was hit
# Possible solutions:
#   Reduce memory load on the system
#   Increase physical memory or swap space
#   Check if swap backing store is full
#   Use 64 bit Java on a 64 bit OS
#   Decrease Java heap size (-Xmx/-Xms)
#   Decrease number of Java threads
#   Decrease Java thread stack sizes (-Xss)
#   Set larger code cache with -XX:ReservedCodeCacheSize=
# This output file may be truncated or incomplete.
#
#  Out of Memory Error (memory/allocation.inline.hpp:61), pid=5112, tid=0x0000000000000f0c
#
# JRE version:  (8.0_191-b12) (build )
# Java VM: Java HotSpot(TM) 64-Bit Server VM (25.191-b12 mixed mode windows-amd64 compressed oops)
# Failed to write core dump. Minidumps are not enabled by default on client versions of Windows
#

---------------  T H R E A D  ---------------

Current thread (0x0000000002b62800):  JavaThread "Unknown thread" [_thread_in_vm, id=3852, stack(0x0000000001290000,0x0000000001390000)]

Stack: [0x0000000001290000,0x0000000001390000]
[error occurred during error reporting (printing stack bounds), id 0xc0000005]

Native frames: (J=compiled Java code, j=interpreted, Vv=VM code, C=native code)


---------------  P R O C E S S  ---------------

Java Threads: ( => current thread )

Other Threads:

=>0x0000000002b62800 (exited) JavaThread "Unknown thread" [_thread_in_vm, id=3852, stack(0x0000000001290000,0x0000000001390000)]

VM state:not at safepoint (normal execution)

VM Mutex/Monitor currently owned by a thread: None

Heap:
 PSYoungGen      total 28672K, used 491K [0x00000000e0700000, 0x00000000e2700000, 0x0000000100000000)
  eden space 24576K, 2% used [0x00000000e0700000,0x00000000e077ae20,0x00000000e1f00000)
  from space 4096K, 0% used [0x00000000e2300000,0x00000000e2300000,0x00000000e2700000)
  to   space 4096K, 0% used [0x00000000e1f00000,0x00000000e1f00000,0x00000000e2300000)
 ParOldGen       total 65536K, used 0K [0x00000000a1400000, 0x00000000a5400000, 0x00000000e0700000)
  object space 65536K, 0% used [0x00000000a1400000,0x00000000a1400000,0x00000000a5400000)
 Metaspace       used 775K, capacity 4480K, committed 4480K, reserved 1056768K
  class space    used 76K, capacity 384K, committed 384K, reserved 1048576K

Card table byte_map: [0x0000000012080000,0x0000000012380000] byte_map_base: 0x0000000011b76000

Marking Bits: (ParMarkBitMap*) 0x0000000071e63e30
 Begin Bits: [0x0000000012980000, 0x0000000014130000)
 End Bits:   [0x0000000014130000, 0x00000000158e0000)

Polling page: 0x0000000000d00000

CodeCache: size=245760Kb used=328Kb max_used=328Kb free=245431Kb
 bounds [0x0000000002cc0000, 0x0000000002f30000, 0x0000000011cc0000]
 total_blobs=58 nmethods=0 adapters=38
 compilation: enabled

Compilation events (0 events):
No events

GC Heap History (0 events):
No events

Deoptimization events (0 events):
No events

Classes redefined (0 events):
No events

Internal exceptions (0 events):
No events

Events (10 events):
Event: 0.030 loading class java/lang/Short
Event: 0.030 loading class java/lang/Short done
Event: 0.030 loading class java/lang/Integer
Event: 0.030 loading class java/lang/Integer done
Event: 0.030 loading class java/lang/Long
Event: 0.030 loading class java/lang/Long done
Event: 0.031 loading class java/lang/NullPointerException
Event: 0.031 loading class java/lang/NullPointerException done
Event: 0.031 loading class java/lang/ArithmeticException
Event: 0.031 loading class java/lang/ArithmeticException done


Dynamic libraries:
0x00007ff6fe8c0000 - 0x00007ff6fe8f7000 	C:\Program Files\Java\jdk1.8.0_191\jre\bin\java.exe
0x00007ffef6520000 - 0x00007ffef6710000 	C:\WINDOWS\SYSTEM32\ntdll.dll
0x00007ffef5c20000 - 0x00007ffef5cd2000 	C:\WINDOWS\System32\KERNEL32.DLL
0x00007ffef3ba0000 - 0x00007ffef3e43000 	C:\WINDOWS\System32\KERNELBASE.dll
0x00007ffef4b60000 - 0x00007ffef4c03000 	C:\WINDOWS\System32\ADVAPI32.dll
0x00007ffef52e0000 - 0x00007ffef537e000 	C:\WINDOWS\System32\msvcrt.dll
0x00007ffef5b80000 - 0x00007ffef5c17000 	C:\WINDOWS\System32\sechost.dll
0x00007ffef5080000 - 0x00007ffef51a0000 	C:\WINDOWS\System32\RPCRT4.dll
0x00007ffef5f40000 - 0x00007ffef60d4000 	C:\WINDOWS\System32\USER32.dll
0x00007ffef37e0000 - 0x00007ffef3801000 	C:\WINDOWS\System32\win32u.dll
0x00007ffef64a0000 - 0x00007ffef64c6000 	C:\WINDOWS\System32\GDI32.dll
0x00007ffef34b0000 - 0x00007ffef3644000 	C:\WINDOWS\System32\gdi32full.dll
0x00007ffef39b0000 - 0x00007ffef3a4e000 	C:\WINDOWS\System32\msvcp_win.dll
0x00007ffef3aa0000 - 0x00007ffef3b9a000 	C:\WINDOWS\System32\ucrtbase.dll
0x00007ffee6d90000 - 0x00007ffee7015000 	C:\WINDOWS\WinSxS\amd64_microsoft.windows.common-controls_6595b64144ccf1df_6.0.18362.535_none_e6c3b34713100821\COMCTL32.dll
0x00007ffef47a0000 - 0x00007ffef4ad6000 	C:\WINDOWS\System32\combase.dll
0x00007ffef3760000 - 0x00007ffef37e0000 	C:\WINDOWS\System32\bcryptPrimitives.dll
0x00007ffef46b0000 - 0x00007ffef46de000 	C:\WINDOWS\System32\IMM32.DLL
0x0000000071560000 - 0x0000000071632000 	C:\Program Files\Java\jdk1.8.0_191\jre\bin\msvcr100.dll
0x0000000071640000 - 0x0000000071ee4000 	C:\Program Files\Java\jdk1.8.0_191\jre\bin\server\jvm.dll
0x00007ffef45d0000 - 0x00007ffef45d8000 	C:\WINDOWS\System32\PSAPI.DLL
0x00007ffef1f00000 - 0x00007ffef1f09000 	C:\WINDOWS\SYSTEM32\WSOCK32.dll
0x00007ffef0620000 - 0x00007ffef0644000 	C:\WINDOWS\SYSTEM32\WINMM.dll
0x00007ffef5270000 - 0x00007ffef52df000 	C:\WINDOWS\System32\WS2_32.dll
0x00007ffee6d80000 - 0x00007ffee6d8a000 	C:\WINDOWS\SYSTEM32\VERSION.dll
0x00007ffef0280000 - 0x00007ffef02ad000 	C:\WINDOWS\SYSTEM32\winmmbase.dll
0x00007ffef3960000 - 0x00007ffef39aa000 	C:\WINDOWS\System32\cfgmgr32.dll
0x0000000071510000 - 0x000000007151f000 	C:\Program Files\Java\jdk1.8.0_191\jre\bin\verify.dll
0x00000000714e0000 - 0x0000000071509000 	C:\Program Files\Java\jdk1.8.0_191\jre\bin\java.dll
0x00000000714c0000 - 0x00000000714d6000 	C:\Program Files\Java\jdk1.8.0_191\jre\bin\zip.dll

VM Arguments:
java_command: org.netbeans.modules.web.project.ant.JspCSingle -uriroot D:\PWEB1\build\web -d D:\PWEB1\build\generated\src -die1 -schemas /resources/schemas/ -dtds /resources/dtds/ -sysClasspath C:\Program Files\NetBeans 8.2\extide\ant\lib\ant.jar;C:\Program Files\NetBeans 8.2\enterprise\modules\ext\servlet3.1-jsp2.3-api.jar;C:\Program Files\NetBeans 8.2\enterprise\modules\ext\glassfish-jspparser-4.0.jar;C:\Program Files\NetBeans 8.2\enterprise\modules\ext\jstl-impl.jar;C:\Program Files\NetBeans 8.2\enterprise\modules\ext\jsf-2_2\javax.faces.jar -jspc.files D:\PWEB1\build\web\web\index.jsp -compilerSourceVM 1.8 -compilerTargetVM 1.8 -javaEncoding UTF-8
java_class_path (initial): C:\Program Files\Java\jdk1.8.0_191\lib\tools.jar;C:\Program Files\NetBeans 8.2\enterprise\ant\extra\jspcompile.jar;C:\Program Files\NetBeans 8.2\extide\ant\lib\ant.jar;C:\Program Files\NetBeans 8.2\enterprise\modules\ext\servlet3.1-jsp2.3-api.jar;C:\Program Files\NetBeans 8.2\enterprise\modules\ext\glassfish-jspparser-4.0.jar;C:\Program Files\NetBeans 8.2\enterprise\modules\ext\jsf-2_2\javax.faces.jar;C:\Program Files\NetBeans 8.2\enterprise\modules\ext\jstl-api.jar;C:\Program Files\NetBeans 8.2\extide\ant\lib\ant-launcher.jar
Launcher Type: SUN_STANDARD

Environment Variables:
PATH=C:\Program Files (x86)\Common Files\Oracle\Java\javapath;C:\WINDOWS\system32;C:\WINDOWS;C:\WINDOWS\System32\Wbem;C:\WINDOWS\System32\WindowsPowerShell\v1.0\;C:\WINDOWS\System32\OpenSSH\;C:\xampp\php;C:\ProgramData\ComposerSetup\bin;C:\Program Files\Git\cmd;C:\Users\M. Yofi Indrawan\AppData\Local\Microsoft\WindowsApps;C:\Users\M. Yofi Indrawan\AppData\Roaming\Composer\vendor\bin;;C:\Users\M. Yofi Indrawan\AppData\Local\Programs\Microsoft VS Code\bin
USERNAME=M. Yofi Indrawan
OS=Windows_NT
PROCESSOR_IDENTIFIER=Intel64 Family 6 Model 61 Stepping 4, GenuineIntel



---------------  S Y S T E M  ---------------

OS: Windows 10.0 , 64 bit Build 18362 (10.0.18362.329)

CPU:total 4 (initial active 4) (2 cores per cpu, 2 threads per core) family 6 model 61 stepping 4, cmov, cx8, fxsr, mmx, sse, sse2, sse3, ssse3, sse4.1, sse4.2, popcnt, avx, avx2, aes, clmul, erms, 3dnowpref, lzcnt, ht, tsc, tscinvbit, bmi1, bmi2, adx

Memory: 4k page, physical 6204436k(730952k free), swap 6204436k(5504k free)

vm_info: Java HotSpot(TM) 64-Bit Server VM (25.191-b12) for windows-amd64 JRE (1.8.0_191-b12), built on Oct  6 2018 09:29:03 by "java_re" with MS VC++ 10.0 (VS2010)

time: Wed Jan 15 02:05:08 2020
elapsed time: 0 seconds (0d 0h 0m 0s)

